SF:lib/features/transactions/domain/entities/transaction_entity.dart
DA:13,1
DA:22,1
DA:23,7
LF:3
LH:3
end_of_record
SF:lib/features/transactions/domain/usecases/add_transaction.dart
DA:7,0
DA:9,0
DA:10,0
LF:3
LH:0
end_of_record
SF:lib/features/transactions/domain/usecases/delete_transaction.dart
DA:6,0
DA:8,0
DA:9,0
LF:3
LH:0
end_of_record
SF:lib/features/transactions/domain/usecases/get_transactions.dart
DA:7,0
DA:9,0
DA:10,0
LF:3
LH:0
end_of_record
SF:lib/features/transactions/domain/usecases/update_transaction.dart
DA:7,0
DA:9,0
DA:10,0
LF:3
LH:0
end_of_record
SF:lib/features/transactions/presentation/bloc/transaction_bloc.dart
DA:17,1
DA:26,1
DA:27,2
DA:28,2
DA:29,2
DA:30,2
DA:31,2
DA:32,2
DA:33,2
DA:36,1
DA:37,1
DA:41,1
DA:45,3
DA:47,2
DA:48,3
DA:50,3
DA:52,1
DA:57,1
DA:61,3
DA:63,3
DA:64,2
DA:65,3
DA:67,0
DA:69,0
DA:74,1
DA:78,3
DA:80,3
DA:81,2
DA:82,3
DA:84,0
DA:86,0
DA:91,1
DA:95,3
DA:97,3
DA:98,2
DA:99,3
DA:101,0
DA:103,0
DA:108,1
DA:112,4
DA:115,0
DA:116,0
DA:119,0
DA:120,0
LF:44
LH:34
end_of_record
SF:lib/features/transactions/presentation/bloc/transaction_event.dart
DA:8,2
DA:10,0
DA:11,0
DA:15,1
DA:21,1
DA:23,0
DA:24,0
DA:30,1
DA:32,0
DA:33,0
DA:39,1
DA:41,0
DA:42,0
DA:48,1
DA:50,0
DA:51,0
DA:57,0
DA:59,0
DA:60,0
DA:64,0
LF:20
LH:6
end_of_record
SF:lib/features/transactions/presentation/bloc/transaction_state.dart
DA:16,1
DA:24,2
DA:31,1
DA:39,1
DA:40,1
DA:41,1
DA:42,1
DA:43,1
DA:48,1
DA:49,1
DA:50,4
DA:51,4
DA:54,1
DA:55,1
DA:56,4
DA:57,4
DA:60,4
DA:62,0
DA:63,0
DA:66,0
DA:67,0
DA:68,0
DA:69,0
DA:73,0
DA:74,0
DA:77,0
DA:80,1
DA:81,6
LF:28
LH:19
end_of_record
SF:lib/core/errors/failures.dart
DA:6,0
DA:8,0
DA:9,0
DA:14,0
DA:19,0
LF:5
LH:0
end_of_record
SF:lib/core/utils/date_range.dart
DA:7,0
DA:12,0
DA:13,0
DA:14,0
DA:15,0
DA:18,0
DA:19,0
LF:7
LH:0
end_of_record
